<?xml version="1.0" encoding="UTF-8"?>
<testng-results skipped="0" failed="3" ignored="0" total="21" passed="18">
  <reporter-output>
  </reporter-output>
  <suite name="Surefire suite" duration-ms="387002" started-at="2022-07-15T17:12:41 EET" finished-at="2022-07-15T17:19:08 EET">
    <groups>
      <group name="cucumber">
        <method signature="AbstractTestNGCucumberTests.runScenario(io.cucumber.testng.PickleWrapper,io.cucumber.testng.FeatureWrapper)[pri:0, instance:org.example.testRunner.runners@4923ab24]" name="runScenario" class="io.cucumber.testng.AbstractTestNGCucumberTests"/>
      </group> <!-- cucumber -->
    </groups>
    <test name="Surefire test" duration-ms="387002" started-at="2022-07-15T17:12:41 EET" finished-at="2022-07-15T17:19:08 EET">
      <class name="org.example.testRunner.runners">
        <test-method status="PASS" signature="setUpClass(org.testng.ITestContext)[pri:0, instance:org.example.testRunner.runners@4923ab24]" name="setUpClass" is-config="true" duration-ms="2424" started-at="2022-07-15T17:12:41 EET" finished-at="2022-07-15T17:12:44 EET">
          <params>
            <param index="0">
              <value>
                <![CDATA[org.testng.TestRunner@6b0ba697]]>
              </value>
            </param>
          </params>
          <reporter-output>
          </reporter-output>
        </test-method> <!-- setUpClass -->
        <test-method status="PASS" signature="runScenario(io.cucumber.testng.PickleWrapper,io.cucumber.testng.FeatureWrapper)[pri:0, instance:org.example.testRunner.runners@4923ab24]" name="runScenario" duration-ms="32921" started-at="2022-07-15T17:12:44 EET" description="Runs Cucumber Scenarios" data-provider="scenarios" finished-at="2022-07-15T17:13:17 EET">
          <params>
            <param index="0">
              <value>
                <![CDATA["guest user could register with valid data successfully"]]>
              </value>
            </param>
            <param index="1">
              <value>
                <![CDATA["F01_Register | users could register with new accounts"]]>
              </value>
            </param>
          </params>
          <reporter-output>
          </reporter-output>
        </test-method> <!-- runScenario -->
        <test-method status="PASS" signature="runScenario(io.cucumber.testng.PickleWrapper,io.cucumber.testng.FeatureWrapper)[pri:0, instance:org.example.testRunner.runners@4923ab24]" name="runScenario" duration-ms="14411" started-at="2022-07-15T17:13:17 EET" description="Runs Cucumber Scenarios" data-provider="scenarios" finished-at="2022-07-15T17:13:31 EET">
          <params>
            <param index="0">
              <value>
                <![CDATA["user could login with valid email and password"]]>
              </value>
            </param>
            <param index="1">
              <value>
                <![CDATA["F02_Login | users could use login functionality to use their accounts"]]>
              </value>
            </param>
          </params>
          <reporter-output>
          </reporter-output>
        </test-method> <!-- runScenario -->
        <test-method status="PASS" signature="runScenario(io.cucumber.testng.PickleWrapper,io.cucumber.testng.FeatureWrapper)[pri:0, instance:org.example.testRunner.runners@4923ab24]" name="runScenario" duration-ms="12586" started-at="2022-07-15T17:13:31 EET" description="Runs Cucumber Scenarios" data-provider="scenarios" finished-at="2022-07-15T17:13:44 EET">
          <params>
            <param index="0">
              <value>
                <![CDATA["user can't login with invalid email and password"]]>
              </value>
            </param>
            <param index="1">
              <value>
                <![CDATA["F02_Login | users could use login functionality to use their accounts"]]>
              </value>
            </param>
          </params>
          <reporter-output>
          </reporter-output>
        </test-method> <!-- runScenario -->
        <test-method status="PASS" signature="runScenario(io.cucumber.testng.PickleWrapper,io.cucumber.testng.FeatureWrapper)[pri:0, instance:org.example.testRunner.runners@4923ab24]" name="runScenario" duration-ms="13553" started-at="2022-07-15T17:13:44 EET" description="Runs Cucumber Scenarios" data-provider="scenarios" finished-at="2022-07-15T17:13:57 EET">
          <params>
            <param index="0">
              <value>
                <![CDATA["users can change the system currency successfully"]]>
              </value>
            </param>
            <param index="1">
              <value>
                <![CDATA["F03_currencies | users can change the system currency"]]>
              </value>
            </param>
          </params>
          <reporter-output>
          </reporter-output>
        </test-method> <!-- runScenario -->
        <test-method status="PASS" signature="runScenario(io.cucumber.testng.PickleWrapper,io.cucumber.testng.FeatureWrapper)[pri:0, instance:org.example.testRunner.runners@4923ab24]" name="runScenario" duration-ms="19090" started-at="2022-07-15T17:13:57 EET" description="Runs Cucumber Scenarios" data-provider="scenarios" finished-at="2022-07-15T17:14:16 EET">
          <params>
            <param index="0">
              <value>
                <![CDATA["user could search using product name"]]>
              </value>
            </param>
            <param index="1">
              <value>
                <![CDATA["F04_search |user could search using product name and sku"]]>
              </value>
            </param>
          </params>
          <reporter-output>
          </reporter-output>
        </test-method> <!-- runScenario -->
        <test-method status="PASS" signature="runScenario(io.cucumber.testng.PickleWrapper,io.cucumber.testng.FeatureWrapper)[pri:0, instance:org.example.testRunner.runners@4923ab24]" name="runScenario" duration-ms="14496" started-at="2022-07-15T17:14:16 EET" description="Runs Cucumber Scenarios" data-provider="scenarios" finished-at="2022-07-15T17:14:31 EET">
          <params>
            <param index="0">
              <value>
                <![CDATA["user could search using product name"]]>
              </value>
            </param>
            <param index="1">
              <value>
                <![CDATA["F04_search |user could search using product name and sku"]]>
              </value>
            </param>
          </params>
          <reporter-output>
          </reporter-output>
        </test-method> <!-- runScenario -->
        <test-method status="PASS" signature="runScenario(io.cucumber.testng.PickleWrapper,io.cucumber.testng.FeatureWrapper)[pri:0, instance:org.example.testRunner.runners@4923ab24]" name="runScenario" duration-ms="27139" started-at="2022-07-15T17:14:31 EET" description="Runs Cucumber Scenarios" data-provider="scenarios" finished-at="2022-07-15T17:14:58 EET">
          <params>
            <param index="0">
              <value>
                <![CDATA["user could search using product name"]]>
              </value>
            </param>
            <param index="1">
              <value>
                <![CDATA["F04_search |user could search using product name and sku"]]>
              </value>
            </param>
          </params>
          <reporter-output>
          </reporter-output>
        </test-method> <!-- runScenario -->
        <test-method status="PASS" signature="runScenario(io.cucumber.testng.PickleWrapper,io.cucumber.testng.FeatureWrapper)[pri:0, instance:org.example.testRunner.runners@4923ab24]" name="runScenario" duration-ms="22830" started-at="2022-07-15T17:14:58 EET" description="Runs Cucumber Scenarios" data-provider="scenarios" finished-at="2022-07-15T17:15:21 EET">
          <params>
            <param index="0">
              <value>
                <![CDATA["user could search for product using sku"]]>
              </value>
            </param>
            <param index="1">
              <value>
                <![CDATA["F04_search |user could search using product name and sku"]]>
              </value>
            </param>
          </params>
          <reporter-output>
          </reporter-output>
        </test-method> <!-- runScenario -->
        <test-method status="PASS" signature="runScenario(io.cucumber.testng.PickleWrapper,io.cucumber.testng.FeatureWrapper)[pri:0, instance:org.example.testRunner.runners@4923ab24]" name="runScenario" duration-ms="13626" started-at="2022-07-15T17:15:21 EET" description="Runs Cucumber Scenarios" data-provider="scenarios" finished-at="2022-07-15T17:15:34 EET">
          <params>
            <param index="0">
              <value>
                <![CDATA["user could search for product using sku"]]>
              </value>
            </param>
            <param index="1">
              <value>
                <![CDATA["F04_search |user could search using product name and sku"]]>
              </value>
            </param>
          </params>
          <reporter-output>
          </reporter-output>
        </test-method> <!-- runScenario -->
        <test-method status="PASS" signature="runScenario(io.cucumber.testng.PickleWrapper,io.cucumber.testng.FeatureWrapper)[pri:0, instance:org.example.testRunner.runners@4923ab24]" name="runScenario" duration-ms="14214" started-at="2022-07-15T17:15:34 EET" description="Runs Cucumber Scenarios" data-provider="scenarios" finished-at="2022-07-15T17:15:48 EET">
          <params>
            <param index="0">
              <value>
                <![CDATA["user could search for product using sku"]]>
              </value>
            </param>
            <param index="1">
              <value>
                <![CDATA["F04_search |user could search using product name and sku"]]>
              </value>
            </param>
          </params>
          <reporter-output>
          </reporter-output>
        </test-method> <!-- runScenario -->
        <test-method status="PASS" signature="runScenario(io.cucumber.testng.PickleWrapper,io.cucumber.testng.FeatureWrapper)[pri:0, instance:org.example.testRunner.runners@4923ab24]" name="runScenario" duration-ms="11364" started-at="2022-07-15T17:15:48 EET" description="Runs Cucumber Scenarios" data-provider="scenarios" finished-at="2022-07-15T17:16:00 EET">
          <params>
            <param index="0">
              <value>
                <![CDATA["user can select different Categories"]]>
              </value>
            </param>
            <param index="1">
              <value>
                <![CDATA["F05_SelectDifferentCategories |user can select different Categories"]]>
              </value>
            </param>
          </params>
          <reporter-output>
          </reporter-output>
        </test-method> <!-- runScenario -->
        <test-method status="PASS" signature="runScenario(io.cucumber.testng.PickleWrapper,io.cucumber.testng.FeatureWrapper)[pri:0, instance:org.example.testRunner.runners@4923ab24]" name="runScenario" duration-ms="15184" started-at="2022-07-15T17:16:00 EET" description="Runs Cucumber Scenarios" data-provider="scenarios" finished-at="2022-07-15T17:16:15 EET">
          <params>
            <param index="0">
              <value>
                <![CDATA["user can select different Categories"]]>
              </value>
            </param>
            <param index="1">
              <value>
                <![CDATA["F05_SelectDifferentCategories |user can select different Categories"]]>
              </value>
            </param>
          </params>
          <reporter-output>
          </reporter-output>
        </test-method> <!-- runScenario -->
        <test-method status="PASS" signature="runScenario(io.cucumber.testng.PickleWrapper,io.cucumber.testng.FeatureWrapper)[pri:0, instance:org.example.testRunner.runners@4923ab24]" name="runScenario" duration-ms="15598" started-at="2022-07-15T17:16:15 EET" description="Runs Cucumber Scenarios" data-provider="scenarios" finished-at="2022-07-15T17:16:31 EET">
          <params>
            <param index="0">
              <value>
                <![CDATA["1-user can add different products to Wishlist"]]>
              </value>
            </param>
            <param index="1">
              <value>
                <![CDATA["F06_AddToWishList |user can add different products to Wishlist"]]>
              </value>
            </param>
          </params>
          <reporter-output>
          </reporter-output>
        </test-method> <!-- runScenario -->
        <test-method status="PASS" signature="runScenario(io.cucumber.testng.PickleWrapper,io.cucumber.testng.FeatureWrapper)[pri:0, instance:org.example.testRunner.runners@4923ab24]" name="runScenario" duration-ms="22610" started-at="2022-07-15T17:16:31 EET" description="Runs Cucumber Scenarios" data-provider="scenarios" finished-at="2022-07-15T17:16:53 EET">
          <params>
            <param index="0">
              <value>
                <![CDATA["2-user can add different products to Wishlist"]]>
              </value>
            </param>
            <param index="1">
              <value>
                <![CDATA["F06_AddToWishList |user can add different products to Wishlist"]]>
              </value>
            </param>
          </params>
          <reporter-output>
          </reporter-output>
        </test-method> <!-- runScenario -->
        <test-method status="PASS" signature="runScenario(io.cucumber.testng.PickleWrapper,io.cucumber.testng.FeatureWrapper)[pri:0, instance:org.example.testRunner.runners@4923ab24]" name="runScenario" duration-ms="27524" started-at="2022-07-15T17:16:53 EET" description="Runs Cucumber Scenarios" data-provider="scenarios" finished-at="2022-07-15T17:17:21 EET">
          <params>
            <param index="0">
              <value>
                <![CDATA["user can add two products to compare them"]]>
              </value>
            </param>
            <param index="1">
              <value>
                <![CDATA["F07_AddToCompare |user can add two products to compare them"]]>
              </value>
            </param>
          </params>
          <reporter-output>
          </reporter-output>
        </test-method> <!-- runScenario -->
        <test-method status="FAIL" signature="runScenario(io.cucumber.testng.PickleWrapper,io.cucumber.testng.FeatureWrapper)[pri:0, instance:org.example.testRunner.runners@4923ab24]" name="runScenario" duration-ms="10379" started-at="2022-07-15T17:17:21 EET" description="Runs Cucumber Scenarios" data-provider="scenarios" finished-at="2022-07-15T17:17:31 EET">
          <params>
            <param index="0">
              <value>
                <![CDATA["The page should be navigated after clicking on the first image in the slider."]]>
              </value>
            </param>
            <param index="1">
              <value>
                <![CDATA["F07_Slider |Navigation after clicking on Slider images."]]>
              </value>
            </param>
          </params>
          <exception class="java.lang.AssertionError">
            <message>
              <![CDATA[Wrong direction! Bug Dedected! expected [https://demo.nopcommerce.com/nokia-lumia-1020] but found [https://demo.nopcommerce.com/]]]>
            </message>
            <full-stacktrace>
              <![CDATA[java.lang.AssertionError: Wrong direction! Bug Dedected! expected [https://demo.nopcommerce.com/nokia-lumia-1020] but found [https://demo.nopcommerce.com/]
at org.testng.Assert.fail(Assert.java:110)
at org.testng.Assert.failNotEquals(Assert.java:1413)
at org.testng.Assert.assertEqualsImpl(Assert.java:149)
at org.testng.Assert.assertEquals(Assert.java:131)
at org.testng.Assert.assertEquals(Assert.java:655)
at org.example.stepDefs.D08_SliderNavigation.checkNavigation(D08_SliderNavigation.java:16)
at ✽.The page should be navigated to the expected URL "https://demo.nopcommerce.com/nokia-lumia-1020"(file:///C:/Users/Ibtsam%20Farouk/IdeaProjects/demonopcommerce/src/main/resources/features/F08_Slider.feature:6)
]]>
            </full-stacktrace>
          </exception> <!-- java.lang.AssertionError -->
          <reporter-output>
          </reporter-output>
        </test-method> <!-- runScenario -->
        <test-method status="FAIL" signature="runScenario(io.cucumber.testng.PickleWrapper,io.cucumber.testng.FeatureWrapper)[pri:0, instance:org.example.testRunner.runners@4923ab24]" name="runScenario" duration-ms="16927" started-at="2022-07-15T17:17:31 EET" description="Runs Cucumber Scenarios" data-provider="scenarios" finished-at="2022-07-15T17:17:48 EET">
          <params>
            <param index="0">
              <value>
                <![CDATA["The page should be navigated after clicking on the second image in the slider."]]>
              </value>
            </param>
            <param index="1">
              <value>
                <![CDATA["F07_Slider |Navigation after clicking on Slider images."]]>
              </value>
            </param>
          </params>
          <exception class="java.lang.AssertionError">
            <message>
              <![CDATA[Wrong direction! Bug Dedected! expected [https://demo.nopcommerce.com/iphone-6] but found [https://demo.nopcommerce.com/]]]>
            </message>
            <full-stacktrace>
              <![CDATA[java.lang.AssertionError: Wrong direction! Bug Dedected! expected [https://demo.nopcommerce.com/iphone-6] but found [https://demo.nopcommerce.com/]
at org.testng.Assert.fail(Assert.java:110)
at org.testng.Assert.failNotEquals(Assert.java:1413)
at org.testng.Assert.assertEqualsImpl(Assert.java:149)
at org.testng.Assert.assertEquals(Assert.java:131)
at org.testng.Assert.assertEquals(Assert.java:655)
at org.example.stepDefs.D08_SliderNavigation.checkNavigation(D08_SliderNavigation.java:16)
at ✽.The page should be navigated to the expected URL "https://demo.nopcommerce.com/iphone-6"(file:///C:/Users/Ibtsam%20Farouk/IdeaProjects/demonopcommerce/src/main/resources/features/F08_Slider.feature:11)
]]>
            </full-stacktrace>
          </exception> <!-- java.lang.AssertionError -->
          <reporter-output>
          </reporter-output>
        </test-method> <!-- runScenario -->
        <test-method status="PASS" signature="runScenario(io.cucumber.testng.PickleWrapper,io.cucumber.testng.FeatureWrapper)[pri:0, instance:org.example.testRunner.runners@4923ab24]" name="runScenario" duration-ms="15157" started-at="2022-07-15T17:17:48 EET" description="Runs Cucumber Scenarios" data-provider="scenarios" finished-at="2022-07-15T17:18:03 EET">
          <params>
            <param index="0">
              <value>
                <![CDATA["user opens facebook link"]]>
              </value>
            </param>
            <param index="1">
              <value>
                <![CDATA["F09_followUs | users could open followUs links"]]>
              </value>
            </param>
          </params>
          <reporter-output>
          </reporter-output>
        </test-method> <!-- runScenario -->
        <test-method status="PASS" signature="runScenario(io.cucumber.testng.PickleWrapper,io.cucumber.testng.FeatureWrapper)[pri:0, instance:org.example.testRunner.runners@4923ab24]" name="runScenario" duration-ms="20473" started-at="2022-07-15T17:18:03 EET" description="Runs Cucumber Scenarios" data-provider="scenarios" finished-at="2022-07-15T17:18:24 EET">
          <params>
            <param index="0">
              <value>
                <![CDATA["user opens twitter link"]]>
              </value>
            </param>
            <param index="1">
              <value>
                <![CDATA["F09_followUs | users could open followUs links"]]>
              </value>
            </param>
          </params>
          <reporter-output>
          </reporter-output>
        </test-method> <!-- runScenario -->
        <test-method status="FAIL" signature="runScenario(io.cucumber.testng.PickleWrapper,io.cucumber.testng.FeatureWrapper)[pri:0, instance:org.example.testRunner.runners@4923ab24]" name="runScenario" duration-ms="13332" started-at="2022-07-15T17:18:24 EET" description="Runs Cucumber Scenarios" data-provider="scenarios" finished-at="2022-07-15T17:18:37 EET">
          <params>
            <param index="0">
              <value>
                <![CDATA["user opens rss link"]]>
              </value>
            </param>
            <param index="1">
              <value>
                <![CDATA["F09_followUs | users could open followUs links"]]>
              </value>
            </param>
          </params>
          <exception class="java.lang.IndexOutOfBoundsException">
            <message>
              <![CDATA[Index: 1, Size: 1]]>
            </message>
            <full-stacktrace>
              <![CDATA[java.lang.IndexOutOfBoundsException: Index: 1, Size: 1
at java.util.ArrayList.rangeCheck(ArrayList.java:659)
at java.util.ArrayList.get(ArrayList.java:435)
at org.example.stepDefs.D09_followUsStepDef.checkTaps(D09_followUsStepDef.java:32)
at ✽."https://demo.nopcommerce.com/new-online-store-is-open" is opened in a new tab(file:///C:/Users/Ibtsam%20Farouk/IdeaProjects/demonopcommerce/src/main/resources/features/F09_followUs.feature:14)
]]>
            </full-stacktrace>
          </exception> <!-- java.lang.IndexOutOfBoundsException -->
          <reporter-output>
          </reporter-output>
        </test-method> <!-- runScenario -->
        <test-method status="PASS" signature="runScenario(io.cucumber.testng.PickleWrapper,io.cucumber.testng.FeatureWrapper)[pri:0, instance:org.example.testRunner.runners@4923ab24]" name="runScenario" duration-ms="30353" started-at="2022-07-15T17:18:37 EET" description="Runs Cucumber Scenarios" data-provider="scenarios" finished-at="2022-07-15T17:19:07 EET">
          <params>
            <param index="0">
              <value>
                <![CDATA["user opens youtube link"]]>
              </value>
            </param>
            <param index="1">
              <value>
                <![CDATA["F09_followUs | users could open followUs links"]]>
              </value>
            </param>
          </params>
          <reporter-output>
          </reporter-output>
        </test-method> <!-- runScenario -->
        <test-method status="PASS" signature="tearDownClass()[pri:0, instance:org.example.testRunner.runners@4923ab24]" name="tearDownClass" is-config="true" duration-ms="600" started-at="2022-07-15T17:19:07 EET" finished-at="2022-07-15T17:19:08 EET">
          <reporter-output>
          </reporter-output>
        </test-method> <!-- tearDownClass -->
      </class> <!-- org.example.testRunner.runners -->
    </test> <!-- Surefire test -->
  </suite> <!-- Surefire suite -->
</testng-results>
